[bytextechsolutions.framer.website/index.html]
[backblue.gif]
[fade.gif]
[index.html]
[framerusercontent.com/sites/icons/default-favicon.v3.png]
[framerusercontent.com/assets/wBEBvVOKAVkeTxZY3xxXPhdJc.png]
[bytextechsolutions.framer.website/Contact.html]
[framerusercontent.com/images/Yw93CUMy3lPyZPcyMwSAYbmOl8bf23.png]
[framerusercontent.com/images/fvmfMjshTbS4r53t8iq03gS2nYI.png]
[framerusercontent.com/images/1r6OvVpgKwhFXCqANown3Ws5hoa3fc.png]
[framerusercontent.com/images/eGXidKpsMOjkvvvqK6co9eNJfcbf23.jpg]
[framerusercontent.com/images/FZjUiiEVD5I4bhcPUOYOw3EZzk.png]
[bytextechsolutions.framer.website/&apos;data_image/svg+xml;utf8,_svg xmlns=_http_/www.w3.org/2000/svg_ xmlns_xlink=_http_/www.w3.org/1999/xlink_ viewBox=_0 0 34 41___g transform=_translate(-0.8.delayed]
[framerusercontent.com/images/w22DFJW1RbwnuCD0x9DuyP1I.png]
[framerusercontent.com/images/ukJ357hzoPDn569KTflJQSrZ5Q.png]
[framerusercontent.com/images/hSODdhNfwvaZtNrz01EesPrRmI0.png]
[framerusercontent.com/images/w9wvgyK0sto9pKaCXe2yvGH11G8.png]
[framerusercontent.com/images/KYo5p4sqCaCxs9fL2H6hnGrUc4.png]
[framerusercontent.com/images/DdjSZvORKSi8d1A9Vj2iLPX30U.png]
[framerusercontent.com/images/HIWWMcfeYphoogfCqfcxJbDk4.jpg]
[bytextechsolutions.framer.website/Work/AppProject1.html]
[bytextechsolutions.framer.website/Work/AppProject2.html]
[bytextechsolutions.framer.website/Work/DesktopProject1.html]
[bytextechsolutions.framer.website/index.html]
[bytextechsolutions.framer.website/Work/DesktopProject2.html]
[framerusercontent.com/images/dIWI8EpGIpYMYnF8VAPPWR6ENfg.png]
[bytextechsolutions.framer.website/Contact.html]
[bytextechsolutions.framer.website/&apos;data_image/svg+xml;utf8,_svg xmlns=_http_/www.w3.org/2000/svg_ xmlns_xlink=_http_/www.w3.org/1999/xlink_ viewBox=_0 0 34 41___g transform=_translate(-0.html]
[framerusercontent.com/images/w4329CgFFB09YVSe3puVn8k7DVI.png]
[framerusercontent.com/images/vsSslEzH3v78tWWYnz611lCXs.png]
[bytextechsolutions.framer.website/Work/AppProject1.html]
[framerusercontent.com/images/ldLnGwx0m3aSO8PEXch5pfkU4.png]
[framerusercontent.com/images/OSgPJ04xPObonqzYoNGpRlN9Y.png]
[framerusercontent.com/images/kOtTGqyiv8q2WqVS9tNhi67E9S0.png]
[bytextechsolutions.framer.website/Work/AppProject2.html]
[framerusercontent.com/images/1trytjAEg0gM90EjYoYo43iRAkg.png]
[framerusercontent.com/images/vl4R4ex0nCR81NZIXOB9f1ZiIzw.png]
[bytextechsolutions.framer.website/Work/DesktopProject1.html]
[framerusercontent.com/images/fAkzMbVN1ywNM3Z9n3sSVLwKMs.png]
[bytextechsolutions.framer.website/Work/DesktopProject2.html]
